Flow report for pipeline_project
<<<<<<< Updated upstream
Sat Nov 02 11:45:46 2019
=======
Fri Dec 13 16:15:25 2019
>>>>>>> Stashed changes
Quartus Prime Version 18.1.0 Build 625 09/12/2018 SJ Lite Edition


---------------------
; Table of Contents ;
---------------------
  1. Legal Notice
  2. Flow Summary
  3. Flow Settings
  4. Flow Non-Default Global Settings
  5. Flow Elapsed Time
  6. Flow OS Summary
  7. Flow Log
  8. Flow Messages
  9. Flow Suppressed Messages



----------------
; Legal Notice ;
----------------
Copyright (C) 2018  Intel Corporation. All rights reserved.
Your use of Intel Corporation's design tools, logic functions 
and other software and tools, and its AMPP partner logic 
functions, and any output files from any of the foregoing 
(including device programming or simulation files), and any 
associated documentation or information are expressly subject 
to the terms and conditions of the Intel Program License 
Subscription Agreement, the Intel Quartus Prime License Agreement,
the Intel FPGA IP License Agreement, or other applicable license
agreement, including, without limitation, that your use is for
the sole purpose of programming logic devices manufactured by
Intel and sold by Intel or its authorized distributors.  Please
refer to the applicable agreement for further details.



<<<<<<< Updated upstream
+-------------------------------------------------------------------------------+
; Flow Summary                                                                  ;
+---------------------------------+---------------------------------------------+
; Flow Status                     ; Successful - Sat Nov 02 11:45:22 2019       ;
; Quartus Prime Version           ; 18.1.0 Build 625 09/12/2018 SJ Lite Edition ;
; Revision Name                   ; pipeline_project                            ;
; Top-level Entity Name           ; pipeline_project                            ;
; Family                          ; Cyclone V                                   ;
; Device                          ; 5CEBA4F23C7                                 ;
; Timing Models                   ; Final                                       ;
; Logic utilization (in ALMs)     ; 2,305 / 18,480 ( 12 % )                     ;
; Total registers                 ; 1898                                        ;
; Total pins                      ; 17 / 224 ( 8 % )                            ;
; Total virtual pins              ; 0                                           ;
; Total block memory bits         ; 311,296 / 3,153,920 ( 10 % )                ;
; Total DSP Blocks                ; 1 / 66 ( 2 % )                              ;
; Total HSSI RX PCSs              ; 0                                           ;
; Total HSSI PMA RX Deserializers ; 0                                           ;
; Total HSSI TX PCSs              ; 0                                           ;
; Total HSSI PMA TX Serializers   ; 0                                           ;
; Total PLLs                      ; 1 / 4 ( 25 % )                              ;
; Total DLLs                      ; 0 / 4 ( 0 % )                               ;
+---------------------------------+---------------------------------------------+
=======
+---------------------------------------------------------------------------+
; Flow Summary                                                              ;
+-----------------------------+---------------------------------------------+
; Flow Status                 ; Flow Failed - Fri Dec 13 16:15:25 2019      ;
; Quartus Prime Version       ; 18.1.0 Build 625 09/12/2018 SJ Lite Edition ;
; Revision Name               ; pipeline_project                            ;
; Top-level Entity Name       ; pipeline_project                            ;
; Family                      ; Cyclone V                                   ;
; Device                      ; 5CEBA4F23C7                                 ;
; Timing Models               ; Final                                       ;
; Logic utilization (in ALMs) ; N/A until Partition Merge                   ;
; Total registers             ; N/A until Partition Merge                   ;
; Total pins                  ; N/A until Partition Merge                   ;
; Total virtual pins          ; N/A until Partition Merge                   ;
; Total block memory bits     ; N/A until Partition Merge                   ;
; Total PLLs                  ; N/A until Partition Merge                   ;
; Total DLLs                  ; N/A until Partition Merge                   ;
+-----------------------------+---------------------------------------------+
>>>>>>> Stashed changes


+-----------------------------------------+
; Flow Settings                           ;
+-------------------+---------------------+
; Option            ; Setting             ;
+-------------------+---------------------+
<<<<<<< Updated upstream
; Start date & time ; 11/02/2019 11:41:25 ;
=======
; Start date & time ; 12/13/2019 16:15:13 ;
>>>>>>> Stashed changes
; Main task         ; Compilation         ;
; Revision Name     ; pipeline_project    ;
+-------------------+---------------------+


+-------------------------------------------------------------------------------------------------------------------------+
; Flow Non-Default Global Settings                                                                                        ;
+-------------------------------------+----------------------------------------+---------------+-------------+------------+
; Assignment Name                     ; Value                                  ; Default Value ; Entity Name ; Section Id ;
+-------------------------------------+----------------------------------------+---------------+-------------+------------+
<<<<<<< Updated upstream
; COMPILER_SIGNATURE_ID               ; 184849024237180.157270928403264        ; --            ; --          ; --         ;
=======
; COMPILER_SIGNATURE_ID               ; 929348966725.157627171307296           ; --            ; --          ; --         ;
; FITTER_EFFORT                       ; Fast Fit                               ; Auto Fit      ; --          ; --         ;
>>>>>>> Stashed changes
; MAX_CORE_JUNCTION_TEMP              ; 85                                     ; --            ; --          ; --         ;
; MIN_CORE_JUNCTION_TEMP              ; 0                                      ; --            ; --          ; --         ;
; MISC_FILE                           ; ins_meme.bsf                           ; --            ; --          ; --         ;
; MISC_FILE                           ; ins_meme_bb.v                          ; --            ; --          ; --         ;
; MISC_FILE                           ; data_memer.bsf                         ; --            ; --          ; --         ;
; MISC_FILE                           ; data_memer_bb.v                        ; --            ; --          ; --         ;
; MISC_FILE                           ; req_ds_mux.bsf                         ; --            ; --          ; --         ;
; MISC_FILE                           ; req_ds_mux_bb.v                        ; --            ; --          ; --         ;
; MISC_FILE                           ; dmem_alu.bsf                           ; --            ; --          ; --         ;
; MISC_FILE                           ; dmem_alu_bb.v                          ; --            ; --          ; --         ;
; MISC_FILE                           ; jr_mux.bsf                             ; --            ; --          ; --         ;
; MISC_FILE                           ; jr_mux_bb.v                            ; --            ; --          ; --         ;
; PARTITION_COLOR                     ; -- (Not supported for targeted family) ; --            ; DE0_CV      ; Top        ;
; PARTITION_COLOR                     ; -- (Not supported for targeted family) ; --            ; --          ; Top        ;
; PARTITION_FITTER_PRESERVATION_LEVEL ; -- (Not supported for targeted family) ; --            ; DE0_CV      ; Top        ;
; PARTITION_FITTER_PRESERVATION_LEVEL ; -- (Not supported for targeted family) ; --            ; --          ; Top        ;
; PARTITION_NETLIST_TYPE              ; -- (Not supported for targeted family) ; --            ; DE0_CV      ; Top        ;
; PARTITION_NETLIST_TYPE              ; -- (Not supported for targeted family) ; --            ; --          ; Top        ;
; PROJECT_OUTPUT_DIRECTORY            ; output_files                           ; --            ; --          ; --         ;
+-------------------------------------+----------------------------------------+---------------+-------------+------------+


+--------------------------------------------------------------------------------------------------------------------------+
; Flow Elapsed Time                                                                                                        ;
+----------------------+--------------+-------------------------+---------------------+------------------------------------+
; Module Name          ; Elapsed Time ; Average Processors Used ; Peak Virtual Memory ; Total CPU Time (on all processors) ;
+----------------------+--------------+-------------------------+---------------------+------------------------------------+
<<<<<<< Updated upstream
; Analysis & Synthesis ; 00:00:36     ; 1.0                     ; 4936 MB             ; 00:00:54                           ;
; Fitter               ; 00:03:09     ; 1.1                     ; 6087 MB             ; 00:06:26                           ;
; Assembler            ; 00:00:07     ; 1.0                     ; 4864 MB             ; 00:00:07                           ;
; Timing Analyzer      ; 00:00:23     ; 1.6                     ; 5158 MB             ; 00:00:32                           ;
; Total                ; 00:04:15     ; --                      ; --                  ; 00:07:59                           ;
=======
; Analysis & Synthesis ; 00:00:13     ; 1.0                     ; 4912 MB             ; 00:00:22                           ;
; Total                ; 00:00:13     ; --                      ; --                  ; 00:00:22                           ;
>>>>>>> Stashed changes
+----------------------+--------------+-------------------------+---------------------+------------------------------------+


+------------------------------------------------------------------------------------+
; Flow OS Summary                                                                    ;
+----------------------+------------------+------------+------------+----------------+
; Module Name          ; Machine Hostname ; OS Name    ; OS Version ; Processor type ;
+----------------------+------------------+------------+------------+----------------+
; Analysis & Synthesis ; MSI              ; Windows 10 ; 10.0       ; x86_64         ;
+----------------------+------------------+------------+------------+----------------+


------------
; Flow Log ;
------------
quartus_map --read_settings_files=on --write_settings_files=off pipeline_project -c pipeline_project



