Assembler report for pipeline_project
<<<<<<< Updated upstream
Sat Nov 02 11:45:22 2019
=======
Fri Dec 13 16:10:12 2019
>>>>>>> Stashed changes
Quartus Prime Version 18.1.0 Build 625 09/12/2018 SJ Lite Edition


---------------------
; Table of Contents ;
---------------------
  1. Legal Notice
  2. Assembler Summary
  3. Assembler Settings
  4. Assembler Generated Files
  5. Assembler Device Options: C:/Users/Eli/Documents/School/ECE473/Lab6/ECE473_LAB6-PIPELINE_REG-master/ECE473FinalProject/output_files/pipeline_project.sof
  6. Assembler Messages



----------------
; Legal Notice ;
----------------
Copyright (C) 2018  Intel Corporation. All rights reserved.
Your use of Intel Corporation's design tools, logic functions 
and other software and tools, and its AMPP partner logic 
functions, and any output files from any of the foregoing 
(including device programming or simulation files), and any 
associated documentation or information are expressly subject 
to the terms and conditions of the Intel Program License 
Subscription Agreement, the Intel Quartus Prime License Agreement,
the Intel FPGA IP License Agreement, or other applicable license
agreement, including, without limitation, that your use is for
the sole purpose of programming logic devices manufactured by
Intel and sold by Intel or its authorized distributors.  Please
refer to the applicable agreement for further details.



+---------------------------------------------------------------+
; Assembler Summary                                             ;
+-----------------------+---------------------------------------+
<<<<<<< Updated upstream
; Assembler Status      ; Successful - Sat Nov 02 11:45:22 2019 ;
=======
; Assembler Status      ; Successful - Fri Dec 13 16:10:12 2019 ;
>>>>>>> Stashed changes
; Revision Name         ; pipeline_project                      ;
; Top-level Entity Name ; pipeline_project                      ;
; Family                ; Cyclone V                             ;
; Device                ; 5CEBA4F23C7                           ;
+-----------------------+---------------------------------------+


+----------------------------------+
; Assembler Settings               ;
+--------+---------+---------------+
; Option ; Setting ; Default Value ;
+--------+---------+---------------+


+--------------------------------------------------------------------------------------------------------------------------------+
; Assembler Generated Files                                                                                                      ;
+--------------------------------------------------------------------------------------------------------------------------------+
; File Name                                                                                                                      ;
+--------------------------------------------------------------------------------------------------------------------------------+
; C:/Users/Eli/Documents/School/ECE473/Lab6/ECE473_LAB6-PIPELINE_REG-master/ECE473FinalProject/output_files/pipeline_project.sof ;
+--------------------------------------------------------------------------------------------------------------------------------+


<<<<<<< Updated upstream
+-----------------------------------------------------------------------------------------------------------------+
; Assembler Device Options: E:/ECE/ece473/Project-Milestone1/ECE473FinalProject/output_files/pipeline_project.sof ;
+----------------+------------------------------------------------------------------------------------------------+
; Option         ; Setting                                                                                        ;
+----------------+------------------------------------------------------------------------------------------------+
; JTAG usercode  ; 0x017B6A95                                                                                     ;
; Checksum       ; 0x017B6A95                                                                                     ;
+----------------+------------------------------------------------------------------------------------------------+
=======
+----------------------------------------------------------------------------------------------------------------------------------------------------------+
; Assembler Device Options: C:/Users/Eli/Documents/School/ECE473/Lab6/ECE473_LAB6-PIPELINE_REG-master/ECE473FinalProject/output_files/pipeline_project.sof ;
+----------------+-----------------------------------------------------------------------------------------------------------------------------------------+
; Option         ; Setting                                                                                                                                 ;
+----------------+-----------------------------------------------------------------------------------------------------------------------------------------+
; JTAG usercode  ; 0x0190950A                                                                                                                              ;
; Checksum       ; 0x0190950A                                                                                                                              ;
+----------------+-----------------------------------------------------------------------------------------------------------------------------------------+
>>>>>>> Stashed changes


+--------------------+
; Assembler Messages ;
+--------------------+
Info: *******************************************************************
Info: Running Quartus Prime Assembler
    Info: Version 18.1.0 Build 625 09/12/2018 SJ Lite Edition
<<<<<<< Updated upstream
    Info: Processing started: Sat Nov 02 11:45:15 2019
=======
    Info: Processing started: Fri Dec 13 16:10:07 2019
>>>>>>> Stashed changes
Info: Command: quartus_asm --read_settings_files=off --write_settings_files=off pipeline_project -c pipeline_project
Warning (18236): Number of processors has not been specified which may cause overloading on shared machines.  Set the global assignment NUM_PARALLEL_PROCESSORS in your QSF to an appropriate value for best performance.
Info (115030): Assembler is generating device programming files
Info: Quartus Prime Assembler was successful. 0 errors, 1 warning
<<<<<<< Updated upstream
    Info: Peak virtual memory: 4864 megabytes
    Info: Processing ended: Sat Nov 02 11:45:22 2019
    Info: Elapsed time: 00:00:07
    Info: Total CPU time (on all processors): 00:00:07
=======
    Info: Peak virtual memory: 4872 megabytes
    Info: Processing ended: Fri Dec 13 16:10:12 2019
    Info: Elapsed time: 00:00:05
    Info: Total CPU time (on all processors): 00:00:05
>>>>>>> Stashed changes


