MIF/HEX Update report for pipeline_project
Sat Nov 30 10:54:25 2019
Quartus Prime Version 18.1.0 Build 625 09/12/2018 SJ Lite Edition


---------------------
; Table of Contents ;
---------------------
  1. Legal Notice
  2. MIF/HEX Update Summary
  3. MIF/HEX Update Processed Files
  4. MIF/HEX Update Messages



----------------
; Legal Notice ;
----------------
Copyright (C) 2018  Intel Corporation. All rights reserved.
Your use of Intel Corporation's design tools, logic functions 
and other software and tools, and its AMPP partner logic 
functions, and any output files from any of the foregoing 
(including device programming or simulation files), and any 
associated documentation or information are expressly subject 
to the terms and conditions of the Intel Program License 
Subscription Agreement, the Intel Quartus Prime License Agreement,
the Intel FPGA IP License Agreement, or other applicable license
agreement, including, without limitation, that your use is for
the sole purpose of programming logic devices manufactured by
Intel and sold by Intel or its authorized distributors.  Please
refer to the applicable agreement for further details.



+-----------------------------------------------------------+
; MIF/HEX Update Summary                                    ;
+-----------------------+-----------------------------------+
; MIF/HEX Update Status ; Failed - Sat Nov 30 10:54:25 2019 ;
; Revision Name         ; pipeline_project                  ;
; Top-level Entity Name ; pipeline_project                  ;
; Family                ; Cyclone V                         ;
; Device                ; 5CEBA4F23C7                       ;
+-----------------------+-----------------------------------+


+--------------------------------+
; MIF/HEX Update Processed Files ;
+--------------------------------+
; File Name                      ;
+--------------------------------+


+-------------------------+
; MIF/HEX Update Messages ;
+-------------------------+
Info: *******************************************************************
Info: Running Quartus Prime MIF/HEX Update
    Info: Version 18.1.0 Build 625 09/12/2018 SJ Lite Edition
    Info: Processing started: Sat Nov 30 10:54:21 2019
Info: Command: quartus_cdb pipeline_project -c pipeline_project --update_mif
Warning (18236): Number of processors has not been specified which may cause overloading on shared machines.  Set the global assignment NUM_PARALLEL_PROCESSORS in your QSF to an appropriate value for best performance.
Warning (39023): Can't find Memory Initialization File ../../Milestone-4-Test-Programs/Test07-GCD-Code.mif -- skipped updates for this file
Warning (39023): Can't find Memory Initialization File ../../Milestone-4-Test-Programs/Test07-GCD-Data.mif -- skipped updates for this file
Error (39022): Found no valid Memory Initialization File to process
Error: Quartus Prime MIF/HEX Update was unsuccessful. 1 error, 3 warnings
    Error: Peak virtual memory: 4855 megabytes
    Error: Processing ended: Sat Nov 30 10:54:25 2019
    Error: Elapsed time: 00:00:04
    Error: Total CPU time (on all processors): 00:00:03


