Analysis & Synthesis report for pipeline_project
Wed Oct 30 16:31:58 2019
Quartus Prime Version 18.1.0 Build 625 09/12/2018 SJ Lite Edition


---------------------
; Table of Contents ;
---------------------
  1. Legal Notice
  2. Analysis & Synthesis Summary
  3. Analysis & Synthesis Settings
  4. Parallel Compilation
  5. Analysis & Synthesis Source Files Read
  6. Analysis & Synthesis Resource Usage Summary
  7. Analysis & Synthesis Resource Utilization by Entity
  8. General Register Statistics
  9. Post-Synthesis Netlist Statistics for Top Partition
 10. Elapsed Time Per Partition
 11. Analysis & Synthesis Messages
 12. Analysis & Synthesis Suppressed Messages



----------------
; Legal Notice ;
----------------
Copyright (C) 2018  Intel Corporation. All rights reserved.
Your use of Intel Corporation's design tools, logic functions 
and other software and tools, and its AMPP partner logic 
functions, and any output files from any of the foregoing 
(including device programming or simulation files), and any 
associated documentation or information are expressly subject 
to the terms and conditions of the Intel Program License 
Subscription Agreement, the Intel Quartus Prime License Agreement,
the Intel FPGA IP License Agreement, or other applicable license
agreement, including, without limitation, that your use is for
the sole purpose of programming logic devices manufactured by
Intel and sold by Intel or its authorized distributors.  Please
refer to the applicable agreement for further details.



+-------------------------------------------------------------------------------+
; Analysis & Synthesis Summary                                                  ;
+---------------------------------+---------------------------------------------+
; Analysis & Synthesis Status     ; Successful - Wed Oct 30 16:31:58 2019       ;
; Quartus Prime Version           ; 18.1.0 Build 625 09/12/2018 SJ Lite Edition ;
; Revision Name                   ; pipeline_project                            ;
; Top-level Entity Name           ; MEM_WB                                      ;
; Family                          ; Cyclone V                                   ;
; Logic utilization (in ALMs)     ; N/A                                         ;
; Total registers                 ; 69                                          ;
; Total pins                      ; 140                                         ;
; Total virtual pins              ; 0                                           ;
; Total block memory bits         ; 0                                           ;
; Total DSP Blocks                ; 0                                           ;
; Total HSSI RX PCSs              ; 0                                           ;
; Total HSSI PMA RX Deserializers ; 0                                           ;
; Total HSSI TX PCSs              ; 0                                           ;
; Total HSSI PMA TX Serializers   ; 0                                           ;
; Total PLLs                      ; 0                                           ;
; Total DLLs                      ; 0                                           ;
+---------------------------------+---------------------------------------------+


+---------------------------------------------------------------------------------------------------------------------------+
; Analysis & Synthesis Settings                                                                                             ;
+---------------------------------------------------------------------------------+--------------------+--------------------+
; Option                                                                          ; Setting            ; Default Value      ;
+---------------------------------------------------------------------------------+--------------------+--------------------+
; Device                                                                          ; 5CEBA4F23C7        ;                    ;
; Top-level entity name                                                           ; MEM_WB             ; pipeline_project   ;
; Family name                                                                     ; Cyclone V          ; Cyclone V          ;
; Use smart compilation                                                           ; Off                ; Off                ;
; Enable parallel Assembler and Timing Analyzer during compilation                ; On                 ; On                 ;
; Enable compact report table                                                     ; Off                ; Off                ;
; Restructure Multiplexers                                                        ; Auto               ; Auto               ;
; MLAB Add Timing Constraints For Mixed-Port Feed-Through Mode Setting Don't Care ; Off                ; Off                ;
; Create Debugging Nodes for IP Cores                                             ; Off                ; Off                ;
; Preserve fewer node names                                                       ; On                 ; On                 ;
; Intel FPGA IP Evaluation Mode                                                   ; Enable             ; Enable             ;
; Verilog Version                                                                 ; Verilog_2001       ; Verilog_2001       ;
; VHDL Version                                                                    ; VHDL_1993          ; VHDL_1993          ;
; State Machine Processing                                                        ; Auto               ; Auto               ;
; Safe State Machine                                                              ; Off                ; Off                ;
; Extract Verilog State Machines                                                  ; On                 ; On                 ;
; Extract VHDL State Machines                                                     ; On                 ; On                 ;
; Ignore Verilog initial constructs                                               ; Off                ; Off                ;
; Iteration limit for constant Verilog loops                                      ; 5000               ; 5000               ;
; Iteration limit for non-constant Verilog loops                                  ; 250                ; 250                ;
; Add Pass-Through Logic to Inferred RAMs                                         ; On                 ; On                 ;
; Infer RAMs from Raw Logic                                                       ; On                 ; On                 ;
; Parallel Synthesis                                                              ; On                 ; On                 ;
; DSP Block Balancing                                                             ; Auto               ; Auto               ;
; NOT Gate Push-Back                                                              ; On                 ; On                 ;
; Power-Up Don't Care                                                             ; On                 ; On                 ;
; Remove Redundant Logic Cells                                                    ; Off                ; Off                ;
; Remove Duplicate Registers                                                      ; On                 ; On                 ;
; Ignore CARRY Buffers                                                            ; Off                ; Off                ;
; Ignore CASCADE Buffers                                                          ; Off                ; Off                ;
; Ignore GLOBAL Buffers                                                           ; Off                ; Off                ;
; Ignore ROW GLOBAL Buffers                                                       ; Off                ; Off                ;
; Ignore LCELL Buffers                                                            ; Off                ; Off                ;
; Ignore SOFT Buffers                                                             ; On                 ; On                 ;
; Limit AHDL Integers to 32 Bits                                                  ; Off                ; Off                ;
; Optimization Technique                                                          ; Balanced           ; Balanced           ;
; Carry Chain Length                                                              ; 70                 ; 70                 ;
; Auto Carry Chains                                                               ; On                 ; On                 ;
; Auto Open-Drain Pins                                                            ; On                 ; On                 ;
; Perform WYSIWYG Primitive Resynthesis                                           ; Off                ; Off                ;
; Auto ROM Replacement                                                            ; On                 ; On                 ;
; Auto RAM Replacement                                                            ; On                 ; On                 ;
; Auto DSP Block Replacement                                                      ; On                 ; On                 ;
; Auto Shift Register Replacement                                                 ; Auto               ; Auto               ;
; Allow Shift Register Merging across Hierarchies                                 ; Auto               ; Auto               ;
; Auto Clock Enable Replacement                                                   ; On                 ; On                 ;
; Strict RAM Replacement                                                          ; Off                ; Off                ;
; Allow Synchronous Control Signals                                               ; On                 ; On                 ;
; Force Use of Synchronous Clear Signals                                          ; Off                ; Off                ;
; Auto Resource Sharing                                                           ; Off                ; Off                ;
; Allow Any RAM Size For Recognition                                              ; Off                ; Off                ;
; Allow Any ROM Size For Recognition                                              ; Off                ; Off                ;
; Allow Any Shift Register Size For Recognition                                   ; Off                ; Off                ;
; Use LogicLock Constraints during Resource Balancing                             ; On                 ; On                 ;
; Ignore translate_off and synthesis_off directives                               ; Off                ; Off                ;
; Timing-Driven Synthesis                                                         ; On                 ; On                 ;
; Report Parameter Settings                                                       ; On                 ; On                 ;
; Report Source Assignments                                                       ; On                 ; On                 ;
; Report Connectivity Checks                                                      ; On                 ; On                 ;
; Ignore Maximum Fan-Out Assignments                                              ; Off                ; Off                ;
; Synchronization Register Chain Length                                           ; 3                  ; 3                  ;
; Power Optimization During Synthesis                                             ; Normal compilation ; Normal compilation ;
; HDL message level                                                               ; Level2             ; Level2             ;
; Suppress Register Optimization Related Messages                                 ; Off                ; Off                ;
; Number of Removed Registers Reported in Synthesis Report                        ; 5000               ; 5000               ;
; Number of Swept Nodes Reported in Synthesis Report                              ; 5000               ; 5000               ;
; Number of Inverted Registers Reported in Synthesis Report                       ; 100                ; 100                ;
; Clock MUX Protection                                                            ; On                 ; On                 ;
; Auto Gated Clock Conversion                                                     ; Off                ; Off                ;
; Block Design Naming                                                             ; Auto               ; Auto               ;
; SDC constraint protection                                                       ; Off                ; Off                ;
; Synthesis Effort                                                                ; Auto               ; Auto               ;
; Shift Register Replacement - Allow Asynchronous Clear Signal                    ; On                 ; On                 ;
; Pre-Mapping Resynthesis Optimization                                            ; Off                ; Off                ;
; Analysis & Synthesis Message Level                                              ; Medium             ; Medium             ;
; Disable Register Merging Across Hierarchies                                     ; Auto               ; Auto               ;
; Resource Aware Inference For Block RAM                                          ; On                 ; On                 ;
; Automatic Parallel Synthesis                                                    ; On                 ; On                 ;
; Partial Reconfiguration Bitstream ID                                            ; Off                ; Off                ;
+---------------------------------------------------------------------------------+--------------------+--------------------+


+------------------------------------------+
; Parallel Compilation                     ;
+----------------------------+-------------+
; Processors                 ; Number      ;
+----------------------------+-------------+
; Number detected on machine ; 4           ;
; Maximum allowed            ; 2           ;
;                            ;             ;
; Average used               ; 1.00        ;
; Maximum used               ; 1           ;
;                            ;             ;
; Usage by Processor         ; % Time Used ;
;     Processor 1            ; 100.0%      ;
+----------------------------+-------------+


+------------------------------------------------------------------------------------------------------------------------------------------------------+
; Analysis & Synthesis Source Files Read                                                                                                               ;
+----------------------------------+-----------------+------------------------+--------------------------------------------------------------+---------+
; File Name with User-Entered Path ; Used in Netlist ; File Type              ; File Name with Absolute Path                                 ; Library ;
+----------------------------------+-----------------+------------------------+--------------------------------------------------------------+---------+
; MEM_WB.v                         ; yes             ; User Verilog HDL File  ; E:/ECE/ece473/Project-Milestone1/ECE473FinalProject/MEM_WB.v ;         ;
+----------------------------------+-----------------+------------------------+--------------------------------------------------------------+---------+


+---------------------------------------------------------+
; Analysis & Synthesis Resource Usage Summary             ;
+---------------------------------------------+-----------+
; Resource                                    ; Usage     ;
+---------------------------------------------+-----------+
; Estimate of Logic utilization (ALMs needed) ; 35        ;
;                                             ;           ;
; Combinational ALUT usage for logic          ; 0         ;
;     -- 7 input functions                    ; 0         ;
;     -- 6 input functions                    ; 0         ;
;     -- 5 input functions                    ; 0         ;
;     -- 4 input functions                    ; 0         ;
;     -- <=3 input functions                  ; 0         ;
;                                             ;           ;
; Dedicated logic registers                   ; 69        ;
;                                             ;           ;
; I/O pins                                    ; 140       ;
;                                             ;           ;
; Total DSP Blocks                            ; 0         ;
;                                             ;           ;
; Maximum fan-out node                        ; clk~input ;
; Maximum fan-out                             ; 69        ;
; Total fan-out                               ; 416       ;
; Average fan-out                             ; 1.19      ;
+---------------------------------------------+-----------+


+----------------------------------------------------------------------------------------------------------------------------------------------------------------------------------------+
; Analysis & Synthesis Resource Utilization by Entity                                                                                                                                    ;
+----------------------------+---------------------+---------------------------+-------------------+------------+------+--------------+---------------------+-------------+--------------+
; Compilation Hierarchy Node ; Combinational ALUTs ; Dedicated Logic Registers ; Block Memory Bits ; DSP Blocks ; Pins ; Virtual Pins ; Full Hierarchy Name ; Entity Name ; Library Name ;
+----------------------------+---------------------+---------------------------+-------------------+------------+------+--------------+---------------------+-------------+--------------+
; |MEM_WB                    ; 0 (0)               ; 69 (69)                   ; 0                 ; 0          ; 140  ; 0            ; |MEM_WB             ; MEM_WB      ; work         ;
+----------------------------+---------------------+---------------------------+-------------------+------------+------+--------------+---------------------+-------------+--------------+
Note: For table entries with two numbers listed, the numbers in parentheses indicate the number of resources of the given type used by the specific entity alone. The numbers listed outside of parentheses indicate the total resources of the given type used by the specific entity and all of its sub-entities in the hierarchy.


+------------------------------------------------------+
; General Register Statistics                          ;
+----------------------------------------------+-------+
; Statistic                                    ; Value ;
+----------------------------------------------+-------+
; Total registers                              ; 69    ;
; Number of registers using Synchronous Clear  ; 69    ;
; Number of registers using Synchronous Load   ; 0     ;
; Number of registers using Asynchronous Clear ; 0     ;
; Number of registers using Asynchronous Load  ; 0     ;
; Number of registers using Clock Enable       ; 0     ;
; Number of registers using Preset             ; 0     ;
+----------------------------------------------+-------+


+-----------------------------------------------------+
; Post-Synthesis Netlist Statistics for Top Partition ;
+-------------------+---------------------------------+
; Type              ; Count                           ;
+-------------------+---------------------------------+
; arriav_ff         ; 69                              ;
;     SCLR          ; 69                              ;
; boundary_port     ; 140                             ;
;                   ;                                 ;
; Max LUT depth     ; 0.00                            ;
; Average LUT depth ; 0.00                            ;
+-------------------+---------------------------------+


+-------------------------------+
; Elapsed Time Per Partition    ;
+----------------+--------------+
; Partition Name ; Elapsed Time ;
+----------------+--------------+
; Top            ; 00:00:00     ;
+----------------+--------------+


+-------------------------------+
; Analysis & Synthesis Messages ;
+-------------------------------+
Info: *******************************************************************
Info: Running Quartus Prime Analysis & Synthesis
    Info: Version 18.1.0 Build 625 09/12/2018 SJ Lite Edition
    Info: Processing started: Wed Oct 30 16:31:41 2019
Info: Command: quartus_map --read_settings_files=on --write_settings_files=off pipeline_project -c pipeline_project
Warning (18236): Number of processors has not been specified which may cause overloading on shared machines.  Set the global assignment NUM_PARALLEL_PROCESSORS in your QSF to an appropriate value for best performance.
Info (20030): Parallel compilation is enabled and will use 2 of the 2 processors detected
Info (12021): Found 1 design units, including 1 entities, in source file vram.v
    Info (12023): Found entity 1: vram File: E:/ECE/ece473/Project-Milestone1/ECE473FinalProject/vram.v Line: 40
Info (12021): Found 1 design units, including 1 entities, in source file vgaclk_0002.v
    Info (12023): Found entity 1: vgaclk_0002 File: E:/ECE/ece473/Project-Milestone1/ECE473FinalProject/vgaclk_0002.v Line: 2
Info (12021): Found 1 design units, including 1 entities, in source file vgaclk.v
    Info (12023): Found entity 1: vgaclk File: E:/ECE/ece473/Project-Milestone1/ECE473FinalProject/vgaclk.v Line: 8
Info (12021): Found 1 design units, including 1 entities, in source file vga_control.v
    Info (12023): Found entity 1: vga_control File: E:/ECE/ece473/Project-Milestone1/ECE473FinalProject/vga_control.v Line: 11
Info (12021): Found 1 design units, including 1 entities, in source file vga_block.bdf
    Info (12023): Found entity 1: VGA_BLOCK
Info (12021): Found 1 design units, including 1 entities, in source file regfile.v
    Info (12023): Found entity 1: regfile File: E:/ECE/ece473/Project-Milestone1/ECE473FinalProject/regfile.v Line: 5
Info (12021): Found 1 design units, including 1 entities, in source file programcounter.v
    Info (12023): Found entity 1: programCounter File: E:/ECE/ece473/Project-Milestone1/ECE473FinalProject/programCounter.v Line: 5
Info (12021): Found 2 design units, including 1 entities, in source file onepulse.vhd
    Info (12022): Found design unit 1: onepulse-a File: E:/ECE/ece473/Project-Milestone1/ECE473FinalProject/onepulse.vhd Line: 6
    Info (12023): Found entity 1: onepulse File: E:/ECE/ece473/Project-Milestone1/ECE473FinalProject/onepulse.vhd Line: 3
Info (12021): Found 1 design units, including 1 entities, in source file mem_wb.v
    Info (12023): Found entity 1: MEM_WB File: E:/ECE/ece473/Project-Milestone1/ECE473FinalProject/MEM_WB.v Line: 5
Info (12021): Found 1 design units, including 1 entities, in source file lab_6.bdf
    Info (12023): Found entity 1: Lab_6
Info (12021): Found 1 design units, including 1 entities, in source file lab_5.bdf
    Info (12023): Found entity 1: Lab_5
Info (12021): Found 1 design units, including 1 entities, in source file if_id.v
    Info (12023): Found entity 1: IF_ID File: E:/ECE/ece473/Project-Milestone1/ECE473FinalProject/IF_ID.v Line: 5
Info (12021): Found 1 design units, including 1 entities, in source file id_ex.v
    Info (12023): Found entity 1: ID_EX File: E:/ECE/ece473/Project-Milestone1/ECE473FinalProject/ID_EX.v Line: 5
Info (12021): Found 1 design units, including 1 entities, in source file ex_mem.v
    Info (12023): Found entity 1: EX_MEM File: E:/ECE/ece473/Project-Milestone1/ECE473FinalProject/EX_MEM.v Line: 5
Info (12021): Found 1 design units, including 1 entities, in source file color_encoder.v
    Info (12023): Found entity 1: color_encoder File: E:/ECE/ece473/Project-Milestone1/ECE473FinalProject/color_encoder.v Line: 5
Info (12021): Found 2 design units, including 1 entities, in source file clk_div.vhd
    Info (12022): Found design unit 1: clk_div-a File: E:/ECE/ece473/Project-Milestone1/ECE473FinalProject/CLK_DIV.VHD Line: 21
    Info (12023): Found entity 1: clk_div File: E:/ECE/ece473/Project-Milestone1/ECE473FinalProject/CLK_DIV.VHD Line: 6
Info (12021): Found 1 design units, including 1 entities, in source file char_engine.v
    Info (12023): Found entity 1: char_engine File: E:/ECE/ece473/Project-Milestone1/ECE473FinalProject/char_engine.v Line: 10
Info (12021): Found 1 design units, including 1 entities, in source file alu_add.v
    Info (12023): Found entity 1: ALU_add File: E:/ECE/ece473/Project-Milestone1/ECE473FinalProject/ALU_add.v Line: 1
Info (12021): Found 1 design units, including 1 entities, in source file add4.v
    Info (12023): Found entity 1: add4 File: E:/ECE/ece473/Project-Milestone1/ECE473FinalProject/add4.v Line: 1
Info (12021): Found 1 design units, including 1 entities, in source file pipeline_project.bdf
    Info (12023): Found entity 1: pipeline_project
Info (12021): Found 1 design units, including 1 entities, in source file ins_meme.v
    Info (12023): Found entity 1: ins_meme File: E:/ECE/ece473/Project-Milestone1/ECE473FinalProject/ins_meme.v Line: 39
Info (12021): Found 1 design units, including 1 entities, in source file data_memer.v
    Info (12023): Found entity 1: data_memer File: E:/ECE/ece473/Project-Milestone1/ECE473FinalProject/data_memer.v Line: 39
Info (12021): Found 1 design units, including 1 entities, in source file shift_left_two.v
    Info (12023): Found entity 1: shift_left_two File: E:/ECE/ece473/Project-Milestone1/ECE473FinalProject/shift_left_two.v Line: 5
Info (12021): Found 1 design units, including 1 entities, in source file sign_extender.v
    Info (12023): Found entity 1: sign_extender File: E:/ECE/ece473/Project-Milestone1/ECE473FinalProject/sign_extender.v Line: 5
Info (12021): Found 1 design units, including 1 entities, in source file fowarding_unit.v
    Info (12023): Found entity 1: fowarding_unit File: E:/ECE/ece473/Project-Milestone1/ECE473FinalProject/fowarding_unit.v Line: 1
Info (12021): Found 1 design units, including 1 entities, in source file controller.v
    Info (12023): Found entity 1: controller File: E:/ECE/ece473/Project-Milestone1/ECE473FinalProject/controller.v Line: 1
Info (12021): Found 1 design units, including 1 entities, in source file alu.v
    Info (12023): Found entity 1: alu File: E:/ECE/ece473/Project-Milestone1/ECE473FinalProject/alu.v Line: 1
Info (12127): Elaborating entity "MEM_WB" for the top level hierarchy
Info (144001): Generated suppressed messages file E:/ECE/ece473/Project-Milestone1/ECE473FinalProject/output_files/pipeline_project.map.smsg
Info (16010): Generating hard_block partition "hard_block:auto_generated_inst"
    Info (16011): Adding 0 node(s), including 0 DDIO, 0 PLL, 0 transceiver and 0 LCELL
Info (21057): Implemented 209 device resources after synthesis - the final resource count might be different
    Info (21058): Implemented 71 input pins
    Info (21059): Implemented 69 output pins
    Info (21061): Implemented 69 logic cells
Info: Quartus Prime Analysis & Synthesis was successful. 0 errors, 1 warning
    Info: Peak virtual memory: 4856 megabytes
    Info: Processing ended: Wed Oct 30 16:31:58 2019
    Info: Elapsed time: 00:00:17
    Info: Total CPU time (on all processors): 00:00:36


+------------------------------------------+
; Analysis & Synthesis Suppressed Messages ;
+------------------------------------------+
The suppressed messages can be found in E:/ECE/ece473/Project-Milestone1/ECE473FinalProject/output_files/pipeline_project.map.smsg.


